17:01:05.366 [AsyncHttpClient-1-4] TRACE io.netty.handler.codec.http.websocketx.WebSocket08FrameEncoder - Encoding WebSocket Frame opCode=8 length=26
17:01:30.792 [main] DEBUG io.netty.util.internal.logging.InternalLoggerFactory - Using Log4J2 as the default logging framework
17:01:30.802 [main] DEBUG io.netty.util.ResourceLeakDetector - -Dio.netty.leakDetection.level: simple
17:01:30.802 [main] DEBUG io.netty.util.ResourceLeakDetector - -Dio.netty.leakDetection.targetRecords: 4
17:01:30.807 [main] DEBUG io.netty.util.ResourceLeakDetectorFactory - Loaded default ResourceLeakDetector: io.netty.util.ResourceLeakDetector@6428591a
17:01:30.835 [main] DEBUG io.netty.util.internal.PlatformDependent0 - -Dio.netty.noUnsafe: false
17:01:30.836 [main] DEBUG io.netty.util.internal.PlatformDependent0 - Java version: 17
17:01:30.837 [main] DEBUG io.netty.util.internal.PlatformDependent0 - sun.misc.Unsafe.theUnsafe: available
17:01:30.838 [main] DEBUG io.netty.util.internal.PlatformDependent0 - sun.misc.Unsafe.copyMemory: available
17:01:30.838 [main] DEBUG io.netty.util.internal.PlatformDependent0 - sun.misc.Unsafe.storeFence: available
17:01:30.839 [main] DEBUG io.netty.util.internal.PlatformDependent0 - java.nio.Buffer.address: available
17:01:30.839 [main] DEBUG io.netty.util.internal.PlatformDependent0 - direct buffer constructor: unavailable
java.lang.UnsupportedOperationException: Reflective setAccessible(true) disabled
	at io.netty.util.internal.ReflectionUtil.trySetAccessible(ReflectionUtil.java:31) ~[netty-common-4.1.78.Final.jar:4.1.78.Final]
	at io.netty.util.internal.PlatformDependent0$5.run(PlatformDependent0.java:287) ~[netty-common-4.1.78.Final.jar:4.1.78.Final]
	at java.security.AccessController.doPrivileged(AccessController.java:318) ~[?:?]
	at io.netty.util.internal.PlatformDependent0.<clinit>(PlatformDependent0.java:281) ~[netty-common-4.1.78.Final.jar:4.1.78.Final]
	at io.netty.util.internal.PlatformDependent.isAndroid(PlatformDependent.java:294) ~[netty-common-4.1.78.Final.jar:4.1.78.Final]
	at io.netty.util.internal.PlatformDependent.<clinit>(PlatformDependent.java:88) ~[netty-common-4.1.78.Final.jar:4.1.78.Final]
	at io.netty.util.HashedWheelTimer.<init>(HashedWheelTimer.java:114) ~[netty-common-4.1.78.Final.jar:4.1.78.Final]
	at io.netty.util.HashedWheelTimer.<init>(HashedWheelTimer.java:251) ~[netty-common-4.1.78.Final.jar:4.1.78.Final]
	at io.netty.util.HashedWheelTimer.<init>(HashedWheelTimer.java:224) ~[netty-common-4.1.78.Final.jar:4.1.78.Final]
	at io.netty.util.HashedWheelTimer.<init>(HashedWheelTimer.java:203) ~[netty-common-4.1.78.Final.jar:4.1.78.Final]
	at org.asynchttpclient.DefaultAsyncHttpClient.newNettyTimer(DefaultAsyncHttpClient.java:111) ~[async-http-client-2.12.3.jar:?]
	at org.asynchttpclient.DefaultAsyncHttpClient.<init>(DefaultAsyncHttpClient.java:90) ~[async-http-client-2.12.3.jar:?]
	at org.asynchttpclient.Dsl.asyncHttpClient(Dsl.java:32) ~[async-http-client-2.12.3.jar:?]
	at org.openqa.selenium.remote.http.netty.NettyClient.createHttpClient(NettyClient.java:93) ~[selenium-remote-driver-4.4.0.jar:?]
	at org.openqa.selenium.remote.http.netty.NettyClient.<clinit>(NettyClient.java:47) ~[selenium-remote-driver-4.4.0.jar:?]
	at org.openqa.selenium.remote.http.netty.NettyClient$Factory.createClient(NettyClient.java:134) ~[selenium-remote-driver-4.4.0.jar:?]
	at org.openqa.selenium.remote.HttpCommandExecutor.<init>(HttpCommandExecutor.java:107) ~[selenium-remote-driver-4.4.0.jar:?]
	at org.openqa.selenium.remote.HttpCommandExecutor.<init>(HttpCommandExecutor.java:94) ~[selenium-remote-driver-4.4.0.jar:?]
	at org.openqa.selenium.remote.HttpCommandExecutor.<init>(HttpCommandExecutor.java:85) ~[selenium-remote-driver-4.4.0.jar:?]
	at org.openqa.selenium.remote.service.DriverCommandExecutor.<init>(DriverCommandExecutor.java:80) ~[selenium-remote-driver-4.4.0.jar:?]
	at org.openqa.selenium.chromium.ChromiumDriverCommandExecutor.<init>(ChromiumDriverCommandExecutor.java:35) ~[selenium-chromium-driver-4.4.0.jar:?]
	at org.openqa.selenium.chrome.ChromeDriver$ChromeDriverCommandExecutor.<init>(ChromeDriver.java:93) ~[selenium-chrome-driver-4.4.0.jar:?]
	at org.openqa.selenium.chrome.ChromeDriver.<init>(ChromeDriver.java:81) ~[selenium-chrome-driver-4.4.0.jar:?]
	at org.openqa.selenium.chrome.ChromeDriver.<init>(ChromeDriver.java:49) ~[selenium-chrome-driver-4.4.0.jar:?]
	at testBase.BaseClass.setup(BaseClass.java:49) ~[test-classes/:?]
	at jdk.internal.reflect.NativeMethodAccessorImpl.invoke0(Native Method) ~[?:?]
	at jdk.internal.reflect.NativeMethodAccessorImpl.invoke(NativeMethodAccessorImpl.java:77) ~[?:?]
	at jdk.internal.reflect.DelegatingMethodAccessorImpl.invoke(DelegatingMethodAccessorImpl.java:43) ~[?:?]
	at java.lang.reflect.Method.invoke(Method.java:568) ~[?:?]
	at org.testng.internal.invokers.MethodInvocationHelper.invokeMethod(MethodInvocationHelper.java:139) ~[testng-7.6.1.jar:7.6.1]
	at org.testng.internal.invokers.MethodInvocationHelper.invokeMethodConsideringTimeout(MethodInvocationHelper.java:69) ~[testng-7.6.1.jar:7.6.1]
	at org.testng.internal.invokers.ConfigInvoker.invokeConfigurationMethod(ConfigInvoker.java:361) ~[testng-7.6.1.jar:7.6.1]
	at org.testng.internal.invokers.ConfigInvoker.invokeConfigurations(ConfigInvoker.java:296) ~[testng-7.6.1.jar:7.6.1]
	at org.testng.internal.invokers.TestMethodWorker.invokeBeforeClassMethods(TestMethodWorker.java:180) ~[testng-7.6.1.jar:7.6.1]
	at org.testng.internal.invokers.TestMethodWorker.run(TestMethodWorker.java:122) ~[testng-7.6.1.jar:7.6.1]
	at java.util.ArrayList.forEach(ArrayList.java:1511) ~[?:?]
	at org.testng.TestRunner.privateRun(TestRunner.java:806) ~[testng-7.6.1.jar:7.6.1]
	at org.testng.TestRunner.run(TestRunner.java:601) ~[testng-7.6.1.jar:7.6.1]
	at org.testng.SuiteRunner.runTest(SuiteRunner.java:433) ~[testng-7.6.1.jar:7.6.1]
	at org.testng.SuiteRunner.runSequentially(SuiteRunner.java:427) ~[testng-7.6.1.jar:7.6.1]
	at org.testng.SuiteRunner.privateRun(SuiteRunner.java:387) ~[testng-7.6.1.jar:7.6.1]
	at org.testng.SuiteRunner.run(SuiteRunner.java:330) ~[testng-7.6.1.jar:7.6.1]
	at org.testng.SuiteRunnerWorker.runSuite(SuiteRunnerWorker.java:52) ~[testng-7.6.1.jar:7.6.1]
	at org.testng.SuiteRunnerWorker.run(SuiteRunnerWorker.java:95) ~[testng-7.6.1.jar:7.6.1]
	at org.testng.TestNG.runSuitesSequentially(TestNG.java:1256) ~[testng-7.6.1.jar:7.6.1]
	at org.testng.TestNG.runSuitesLocally(TestNG.java:1176) ~[testng-7.6.1.jar:7.6.1]
	at org.testng.TestNG.runSuites(TestNG.java:1099) ~[testng-7.6.1.jar:7.6.1]
	at org.testng.TestNG.run(TestNG.java:1067) ~[testng-7.6.1.jar:7.6.1]
	at org.apache.maven.surefire.testng.TestNGExecutor.run(TestNGExecutor.java:324) ~[surefire-testng-3.0.0-M7.jar:3.0.0-M7]
	at org.apache.maven.surefire.testng.TestNGXmlTestSuite.execute(TestNGXmlTestSuite.java:74) ~[surefire-testng-3.0.0-M7.jar:3.0.0-M7]
	at org.apache.maven.surefire.testng.TestNGProvider.invoke(TestNGProvider.java:123) ~[surefire-testng-3.0.0-M7.jar:3.0.0-M7]
	at org.apache.maven.surefire.booter.ForkedBooter.runSuitesInProcess(ForkedBooter.java:456) ~[surefire-booter-3.0.0-M7.jar:3.0.0-M7]
	at org.apache.maven.surefire.booter.ForkedBooter.execute(ForkedBooter.java:169) ~[surefire-booter-3.0.0-M7.jar:3.0.0-M7]
	at org.apache.maven.surefire.booter.ForkedBooter.run(ForkedBooter.java:595) ~[surefire-booter-3.0.0-M7.jar:3.0.0-M7]
	at org.apache.maven.surefire.booter.ForkedBooter.main(ForkedBooter.java:581) ~[surefire-booter-3.0.0-M7.jar:3.0.0-M7]
17:01:30.846 [main] DEBUG io.netty.util.internal.PlatformDependent0 - java.nio.Bits.unaligned: available, true
17:01:30.847 [main] DEBUG io.netty.util.internal.PlatformDependent0 - jdk.internal.misc.Unsafe.allocateUninitializedArray(int): unavailable
java.lang.IllegalAccessException: class io.netty.util.internal.PlatformDependent0$7 cannot access class jdk.internal.misc.Unsafe (in module java.base) because module java.base does not export jdk.internal.misc to unnamed module @53976f5c
	at jdk.internal.reflect.Reflection.newIllegalAccessException(Reflection.java:392) ~[?:?]
	at java.lang.reflect.AccessibleObject.checkAccess(AccessibleObject.java:674) ~[?:?]
	at java.lang.reflect.Method.invoke(Method.java:560) ~[?:?]
	at io.netty.util.internal.PlatformDependent0$7.run(PlatformDependent0.java:409) ~[netty-common-4.1.78.Final.jar:4.1.78.Final]
	at java.security.AccessController.doPrivileged(AccessController.java:318) ~[?:?]
	at io.netty.util.internal.PlatformDependent0.<clinit>(PlatformDependent0.java:400) ~[netty-common-4.1.78.Final.jar:4.1.78.Final]
	at io.netty.util.internal.PlatformDependent.isAndroid(PlatformDependent.java:294) ~[netty-common-4.1.78.Final.jar:4.1.78.Final]
	at io.netty.util.internal.PlatformDependent.<clinit>(PlatformDependent.java:88) ~[netty-common-4.1.78.Final.jar:4.1.78.Final]
	at io.netty.util.HashedWheelTimer.<init>(HashedWheelTimer.java:114) ~[netty-common-4.1.78.Final.jar:4.1.78.Final]
	at io.netty.util.HashedWheelTimer.<init>(HashedWheelTimer.java:251) ~[netty-common-4.1.78.Final.jar:4.1.78.Final]
	at io.netty.util.HashedWheelTimer.<init>(HashedWheelTimer.java:224) ~[netty-common-4.1.78.Final.jar:4.1.78.Final]
	at io.netty.util.HashedWheelTimer.<init>(HashedWheelTimer.java:203) ~[netty-common-4.1.78.Final.jar:4.1.78.Final]
	at org.asynchttpclient.DefaultAsyncHttpClient.newNettyTimer(DefaultAsyncHttpClient.java:111) ~[async-http-client-2.12.3.jar:?]
	at org.asynchttpclient.DefaultAsyncHttpClient.<init>(DefaultAsyncHttpClient.java:90) ~[async-http-client-2.12.3.jar:?]
	at org.asynchttpclient.Dsl.asyncHttpClient(Dsl.java:32) ~[async-http-client-2.12.3.jar:?]
	at org.openqa.selenium.remote.http.netty.NettyClient.createHttpClient(NettyClient.java:93) ~[selenium-remote-driver-4.4.0.jar:?]
	at org.openqa.selenium.remote.http.netty.NettyClient.<clinit>(NettyClient.java:47) ~[selenium-remote-driver-4.4.0.jar:?]
	at org.openqa.selenium.remote.http.netty.NettyClient$Factory.createClient(NettyClient.java:134) ~[selenium-remote-driver-4.4.0.jar:?]
	at org.openqa.selenium.remote.HttpCommandExecutor.<init>(HttpCommandExecutor.java:107) ~[selenium-remote-driver-4.4.0.jar:?]
	at org.openqa.selenium.remote.HttpCommandExecutor.<init>(HttpCommandExecutor.java:94) ~[selenium-remote-driver-4.4.0.jar:?]
	at org.openqa.selenium.remote.HttpCommandExecutor.<init>(HttpCommandExecutor.java:85) ~[selenium-remote-driver-4.4.0.jar:?]
	at org.openqa.selenium.remote.service.DriverCommandExecutor.<init>(DriverCommandExecutor.java:80) ~[selenium-remote-driver-4.4.0.jar:?]
	at org.openqa.selenium.chromium.ChromiumDriverCommandExecutor.<init>(ChromiumDriverCommandExecutor.java:35) ~[selenium-chromium-driver-4.4.0.jar:?]
	at org.openqa.selenium.chrome.ChromeDriver$ChromeDriverCommandExecutor.<init>(ChromeDriver.java:93) ~[selenium-chrome-driver-4.4.0.jar:?]
	at org.openqa.selenium.chrome.ChromeDriver.<init>(ChromeDriver.java:81) ~[selenium-chrome-driver-4.4.0.jar:?]
	at org.openqa.selenium.chrome.ChromeDriver.<init>(ChromeDriver.java:49) ~[selenium-chrome-driver-4.4.0.jar:?]
	at testBase.BaseClass.setup(BaseClass.java:49) ~[test-classes/:?]
	at jdk.internal.reflect.NativeMethodAccessorImpl.invoke0(Native Method) ~[?:?]
	at jdk.internal.reflect.NativeMethodAccessorImpl.invoke(NativeMethodAccessorImpl.java:77) ~[?:?]
	at jdk.internal.reflect.DelegatingMethodAccessorImpl.invoke(DelegatingMethodAccessorImpl.java:43) ~[?:?]
	at java.lang.reflect.Method.invoke(Method.java:568) ~[?:?]
	at org.testng.internal.invokers.MethodInvocationHelper.invokeMethod(MethodInvocationHelper.java:139) ~[testng-7.6.1.jar:7.6.1]
	at org.testng.internal.invokers.MethodInvocationHelper.invokeMethodConsideringTimeout(MethodInvocationHelper.java:69) ~[testng-7.6.1.jar:7.6.1]
	at org.testng.internal.invokers.ConfigInvoker.invokeConfigurationMethod(ConfigInvoker.java:361) ~[testng-7.6.1.jar:7.6.1]
	at org.testng.internal.invokers.ConfigInvoker.invokeConfigurations(ConfigInvoker.java:296) ~[testng-7.6.1.jar:7.6.1]
	at org.testng.internal.invokers.TestMethodWorker.invokeBeforeClassMethods(TestMethodWorker.java:180) ~[testng-7.6.1.jar:7.6.1]
	at org.testng.internal.invokers.TestMethodWorker.run(TestMethodWorker.java:122) ~[testng-7.6.1.jar:7.6.1]
	at java.util.ArrayList.forEach(ArrayList.java:1511) ~[?:?]
	at org.testng.TestRunner.privateRun(TestRunner.java:806) ~[testng-7.6.1.jar:7.6.1]
	at org.testng.TestRunner.run(TestRunner.java:601) ~[testng-7.6.1.jar:7.6.1]
	at org.testng.SuiteRunner.runTest(SuiteRunner.java:433) ~[testng-7.6.1.jar:7.6.1]
	at org.testng.SuiteRunner.runSequentially(SuiteRunner.java:427) ~[testng-7.6.1.jar:7.6.1]
	at org.testng.SuiteRunner.privateRun(SuiteRunner.java:387) ~[testng-7.6.1.jar:7.6.1]
	at org.testng.SuiteRunner.run(SuiteRunner.java:330) ~[testng-7.6.1.jar:7.6.1]
	at org.testng.SuiteRunnerWorker.runSuite(SuiteRunnerWorker.java:52) ~[testng-7.6.1.jar:7.6.1]
	at org.testng.SuiteRunnerWorker.run(SuiteRunnerWorker.java:95) ~[testng-7.6.1.jar:7.6.1]
	at org.testng.TestNG.runSuitesSequentially(TestNG.java:1256) ~[testng-7.6.1.jar:7.6.1]
	at org.testng.TestNG.runSuitesLocally(TestNG.java:1176) ~[testng-7.6.1.jar:7.6.1]
	at org.testng.TestNG.runSuites(TestNG.java:1099) ~[testng-7.6.1.jar:7.6.1]
	at org.testng.TestNG.run(TestNG.java:1067) ~[testng-7.6.1.jar:7.6.1]
	at org.apache.maven.surefire.testng.TestNGExecutor.run(TestNGExecutor.java:324) ~[surefire-testng-3.0.0-M7.jar:3.0.0-M7]
	at org.apache.maven.surefire.testng.TestNGXmlTestSuite.execute(TestNGXmlTestSuite.java:74) ~[surefire-testng-3.0.0-M7.jar:3.0.0-M7]
	at org.apache.maven.surefire.testng.TestNGProvider.invoke(TestNGProvider.java:123) ~[surefire-testng-3.0.0-M7.jar:3.0.0-M7]
	at org.apache.maven.surefire.booter.ForkedBooter.runSuitesInProcess(ForkedBooter.java:456) ~[surefire-booter-3.0.0-M7.jar:3.0.0-M7]
	at org.apache.maven.surefire.booter.ForkedBooter.execute(ForkedBooter.java:169) ~[surefire-booter-3.0.0-M7.jar:3.0.0-M7]
	at org.apache.maven.surefire.booter.ForkedBooter.run(ForkedBooter.java:595) ~[surefire-booter-3.0.0-M7.jar:3.0.0-M7]
	at org.apache.maven.surefire.booter.ForkedBooter.main(ForkedBooter.java:581) ~[surefire-booter-3.0.0-M7.jar:3.0.0-M7]
17:01:30.849 [main] DEBUG io.netty.util.internal.PlatformDependent0 - java.nio.DirectByteBuffer.<init>(long, int): unavailable
17:01:30.849 [main] DEBUG io.netty.util.internal.PlatformDependent - sun.misc.Unsafe: available
17:01:30.850 [main] DEBUG io.netty.util.internal.PlatformDependent - maxDirectMemory: 3191865344 bytes (maybe)
17:01:30.850 [main] DEBUG io.netty.util.internal.PlatformDependent - -Dio.netty.tmpdir: C:\Users\VINAYB~1\AppData\Local\Temp (java.io.tmpdir)
17:01:30.850 [main] DEBUG io.netty.util.internal.PlatformDependent - -Dio.netty.bitMode: 64 (sun.arch.data.model)
17:01:30.851 [main] DEBUG io.netty.util.internal.PlatformDependent - Platform: Windows
17:01:30.851 [main] DEBUG io.netty.util.internal.PlatformDependent - -Dio.netty.maxDirectMemory: -1 bytes
17:01:30.851 [main] DEBUG io.netty.util.internal.PlatformDependent - -Dio.netty.uninitializedArrayAllocationThreshold: -1
17:01:30.853 [main] DEBUG io.netty.util.internal.CleanerJava9 - java.nio.ByteBuffer.cleaner(): available
17:01:30.853 [main] DEBUG io.netty.util.internal.PlatformDependent - -Dio.netty.noPreferDirect: false
17:01:30.860 [main] DEBUG io.netty.util.internal.PlatformDependent - org.jctools-core.MpscChunkedArrayQueue: available
17:01:30.877 [main] DEBUG io.netty.util.internal.InternalThreadLocalMap - -Dio.netty.threadLocalMap.stringBuilder.initialSize: 1024
17:01:30.877 [main] DEBUG io.netty.util.internal.InternalThreadLocalMap - -Dio.netty.threadLocalMap.stringBuilder.maxSize: 4096
17:01:30.956 [main] DEBUG io.netty.handler.ssl.JdkSslContext - Default protocols (JDK): [TLSv1.3, TLSv1.2] 
17:01:30.956 [main] DEBUG io.netty.handler.ssl.JdkSslContext - Default cipher suites (JDK): [TLS_ECDHE_ECDSA_WITH_AES_256_GCM_SHA384, TLS_ECDHE_ECDSA_WITH_AES_128_GCM_SHA256, TLS_ECDHE_RSA_WITH_AES_128_GCM_SHA256, TLS_ECDHE_RSA_WITH_AES_256_GCM_SHA384, TLS_ECDHE_RSA_WITH_AES_128_CBC_SHA, TLS_ECDHE_RSA_WITH_AES_256_CBC_SHA, TLS_RSA_WITH_AES_128_GCM_SHA256, TLS_RSA_WITH_AES_128_CBC_SHA, TLS_RSA_WITH_AES_256_CBC_SHA, TLS_AES_128_GCM_SHA256, TLS_AES_256_GCM_SHA384]
17:01:30.986 [main] DEBUG io.netty.channel.MultithreadEventLoopGroup - -Dio.netty.eventLoopThreads: 8
17:01:30.999 [main] DEBUG io.netty.channel.nio.NioEventLoop - -Dio.netty.noKeySetOptimization: false
17:01:30.999 [main] DEBUG io.netty.channel.nio.NioEventLoop - -Dio.netty.selectorAutoRebuildThreshold: 512
17:01:31.018 [main] TRACE io.netty.channel.nio.NioEventLoop - instrumented a special java.util.Set into: sun.nio.ch.WEPollSelectorImpl@2924f1d8
17:01:31.022 [main] TRACE io.netty.channel.nio.NioEventLoop - instrumented a special java.util.Set into: sun.nio.ch.WEPollSelectorImpl@6e0c6a7a
17:01:31.025 [main] TRACE io.netty.channel.nio.NioEventLoop - instrumented a special java.util.Set into: sun.nio.ch.WEPollSelectorImpl@467b684d
17:01:31.029 [main] TRACE io.netty.channel.nio.NioEventLoop - instrumented a special java.util.Set into: sun.nio.ch.WEPollSelectorImpl@7baf1f5a
17:01:31.033 [main] TRACE io.netty.channel.nio.NioEventLoop - instrumented a special java.util.Set into: sun.nio.ch.WEPollSelectorImpl@6cc86152
17:01:31.036 [main] TRACE io.netty.channel.nio.NioEventLoop - instrumented a special java.util.Set into: sun.nio.ch.WEPollSelectorImpl@611a990b
17:01:31.040 [main] TRACE io.netty.channel.nio.NioEventLoop - instrumented a special java.util.Set into: sun.nio.ch.WEPollSelectorImpl@7cbeac65
17:01:31.043 [main] TRACE io.netty.channel.nio.NioEventLoop - instrumented a special java.util.Set into: sun.nio.ch.WEPollSelectorImpl@7fe82967
17:01:31.065 [main] DEBUG io.netty.buffer.PooledByteBufAllocator - -Dio.netty.allocator.numHeapArenas: 8
17:01:31.065 [main] DEBUG io.netty.buffer.PooledByteBufAllocator - -Dio.netty.allocator.numDirectArenas: 8
17:01:31.065 [main] DEBUG io.netty.buffer.PooledByteBufAllocator - -Dio.netty.allocator.pageSize: 8192
17:01:31.065 [main] DEBUG io.netty.buffer.PooledByteBufAllocator - -Dio.netty.allocator.maxOrder: 9
17:01:31.066 [main] DEBUG io.netty.buffer.PooledByteBufAllocator - -Dio.netty.allocator.chunkSize: 4194304
17:01:31.066 [main] DEBUG io.netty.buffer.PooledByteBufAllocator - -Dio.netty.allocator.smallCacheSize: 256
17:01:31.066 [main] DEBUG io.netty.buffer.PooledByteBufAllocator - -Dio.netty.allocator.normalCacheSize: 64
17:01:31.066 [main] DEBUG io.netty.buffer.PooledByteBufAllocator - -Dio.netty.allocator.maxCachedBufferCapacity: 32768
17:01:31.066 [main] DEBUG io.netty.buffer.PooledByteBufAllocator - -Dio.netty.allocator.cacheTrimInterval: 8192
17:01:31.066 [main] DEBUG io.netty.buffer.PooledByteBufAllocator - -Dio.netty.allocator.cacheTrimIntervalMillis: 0
17:01:31.066 [main] DEBUG io.netty.buffer.PooledByteBufAllocator - -Dio.netty.allocator.useCacheForAllThreads: false
17:01:31.066 [main] DEBUG io.netty.buffer.PooledByteBufAllocator - -Dio.netty.allocator.maxCachedByteBuffersPerChunk: 1023
17:01:31.080 [main] DEBUG io.netty.buffer.ByteBufUtil - -Dio.netty.allocator.type: pooled
17:01:31.080 [main] DEBUG io.netty.buffer.ByteBufUtil - -Dio.netty.threadLocalDirectBufferSize: 0
17:01:31.081 [main] DEBUG io.netty.buffer.ByteBufUtil - -Dio.netty.maxThreadLocalCharBufferSize: 16384
17:01:33.796 [Forwarding newSession on session null to remote] DEBUG io.netty.channel.DefaultChannelId - -Dio.netty.processId: 12860 (auto-detected)
17:01:33.800 [Forwarding newSession on session null to remote] DEBUG io.netty.util.NetUtil - -Djava.net.preferIPv4Stack: false
17:01:33.800 [Forwarding newSession on session null to remote] DEBUG io.netty.util.NetUtil - -Djava.net.preferIPv6Addresses: false
17:01:33.825 [Forwarding newSession on session null to remote] DEBUG io.netty.util.NetUtilInitializations - Loopback interface: lo (Software Loopback Interface 1, 127.0.0.1)
17:01:33.826 [Forwarding newSession on session null to remote] DEBUG io.netty.util.NetUtil - Failed to get SOMAXCONN from sysctl and file \proc\sys\net\core\somaxconn. Default: 200
17:01:33.893 [Forwarding newSession on session null to remote] DEBUG io.netty.channel.DefaultChannelId - -Dio.netty.machineId: 54:35:30:ff:fe:22:2b:b1 (auto-detected)
17:01:33.953 [AsyncHttpClient-1-2] DEBUG io.netty.buffer.AbstractByteBuf - -Dio.netty.buffer.checkAccessible: true
17:01:33.954 [AsyncHttpClient-1-2] DEBUG io.netty.buffer.AbstractByteBuf - -Dio.netty.buffer.checkBounds: true
17:01:33.954 [AsyncHttpClient-1-2] DEBUG io.netty.util.ResourceLeakDetectorFactory - Loaded default ResourceLeakDetector: io.netty.util.ResourceLeakDetector@27f36e97
17:01:33.980 [AsyncHttpClient-1-2] DEBUG io.netty.util.Recycler - -Dio.netty.recycler.maxCapacityPerThread: 4096
17:01:33.980 [AsyncHttpClient-1-2] DEBUG io.netty.util.Recycler - -Dio.netty.recycler.ratio: 8
17:01:33.980 [AsyncHttpClient-1-2] DEBUG io.netty.util.Recycler - -Dio.netty.recycler.chunkSize: 32
17:01:33.980 [AsyncHttpClient-1-2] DEBUG io.netty.util.Recycler - -Dio.netty.recycler.blocking: false
17:01:35.070 [AsyncHttpClient-1-2] DEBUG io.netty.handler.codec.compression.Brotli - brotli4j not in the classpath; Brotli support will be unavailable.
17:01:35.252 [main] DEBUG io.netty.util.internal.ThreadLocalRandom - -Dio.netty.initialSeedUniquifier: 0xeb76e27aeea89257
17:01:35.295 [main] INFO  testCases.TC_003_LoginDDT - Launched Chrome Browser
17:01:35.426 [main] DEBUG org.apache.poi.openxml4j.opc.PackageRelationshipCollection - Parsing relationship: /xl/_rels/workbook.xml.rels
17:01:35.429 [main] DEBUG org.apache.poi.openxml4j.opc.PackageRelationshipCollection - Parsing relationship: /xl/worksheets/_rels/sheet1.xml.rels
17:01:35.432 [main] DEBUG org.apache.poi.openxml4j.opc.PackageRelationshipCollection - Parsing relationship: /_rels/.rels
17:01:35.624 [main] TRACE org.apache.xmlbeans.impl.common.XBeanDebug - Loading type system org.apache.poi.schemas.ooxml.system.ooxml
17:01:35.627 [main] TRACE org.apache.xmlbeans.impl.common.XBeanDebug - Loading type system org.apache.xmlbeans.metadata.system.sXMLCONFIG
17:01:35.627 [main] TRACE org.apache.xmlbeans.impl.common.XBeanDebug - Loading type system org.apache.xmlbeans.metadata.system.sXMLLANG
17:01:35.628 [main] TRACE org.apache.xmlbeans.impl.common.XBeanDebug - Loading type system org.apache.xmlbeans.metadata.system.sXMLSCHEMA
17:01:35.630 [main] TRACE org.apache.xmlbeans.impl.common.XBeanDebug - Loading type system org.apache.xmlbeans.metadata.system.sXMLTOOLS
17:01:35.631 [main] TRACE org.apache.xmlbeans.impl.common.XBeanDebug - Reading unresolved handles for type system org.apache.xmlbeans.metadata.system.sXMLTOOLS
17:01:35.644 [main] TRACE org.apache.xmlbeans.impl.common.XBeanDebug - Finished loading type system org.apache.xmlbeans.metadata.system.sXMLTOOLS
17:01:35.645 [main] TRACE org.apache.xmlbeans.impl.common.XBeanDebug - Reading unresolved handles for type system org.apache.xmlbeans.metadata.system.sXMLSCHEMA
17:01:35.650 [main] TRACE org.apache.xmlbeans.impl.common.XBeanDebug - Finished loading type system org.apache.xmlbeans.metadata.system.sXMLSCHEMA
17:01:35.651 [main] TRACE org.apache.xmlbeans.impl.common.XBeanDebug - Reading unresolved handles for type system org.apache.xmlbeans.metadata.system.sXMLLANG
17:01:35.651 [main] TRACE org.apache.xmlbeans.impl.common.XBeanDebug - Finished loading type system org.apache.xmlbeans.metadata.system.sXMLLANG
17:01:35.652 [main] TRACE org.apache.xmlbeans.impl.common.XBeanDebug - Reading unresolved handles for type system org.apache.xmlbeans.metadata.system.sXMLCONFIG
17:01:35.653 [main] TRACE org.apache.xmlbeans.impl.common.XBeanDebug - Finished loading type system org.apache.xmlbeans.metadata.system.sXMLCONFIG
17:01:35.653 [main] TRACE org.apache.xmlbeans.impl.common.XBeanDebug - Reading unresolved handles for type system org.apache.poi.schemas.ooxml.system.ooxml
17:01:35.716 [main] TRACE org.apache.xmlbeans.impl.common.XBeanDebug - Finished loading type system org.apache.poi.schemas.ooxml.system.ooxml
17:01:35.717 [main] TRACE org.apache.xmlbeans.impl.common.XBeanDebug - Resolving type for handle themefd26doctype
17:01:35.776 [main] TRACE org.apache.xmlbeans.impl.common.XBeanDebug - Resolving type for handle stylesheet5d8bdoctype
17:01:35.783 [main] TRACE org.apache.xmlbeans.impl.common.XBeanDebug - Resolving type for handle ctstylesheet4257type
17:01:35.789 [main] TRACE org.apache.xmlbeans.impl.common.XBeanDebug - Resolving type for handle ctfonts6623type
17:01:35.792 [main] TRACE org.apache.xmlbeans.impl.common.XBeanDebug - Resolving type for handle ctfont14d8type
17:01:35.798 [main] TRACE org.apache.xmlbeans.impl.common.XBeanDebug - Resolving type for handle ctfills2c6ftype
17:01:35.800 [main] TRACE org.apache.xmlbeans.impl.common.XBeanDebug - Resolving type for handle ctfill550ctype
17:01:35.801 [main] TRACE org.apache.xmlbeans.impl.common.XBeanDebug - Resolving type for handle ctborders0d66type
17:01:35.803 [main] TRACE org.apache.xmlbeans.impl.common.XBeanDebug - Resolving type for handle ctborderf935type
17:01:35.807 [main] TRACE org.apache.xmlbeans.impl.common.XBeanDebug - Resolving type for handle ctcellxfs1322type
17:01:35.810 [main] TRACE org.apache.xmlbeans.impl.common.XBeanDebug - Resolving type for handle ctxf97f7type
17:01:35.813 [main] TRACE org.apache.xmlbeans.impl.common.XBeanDebug - Resolving type for handle ctcellstylexfsa81ftype
17:01:35.814 [main] TRACE org.apache.xmlbeans.impl.common.XBeanDebug - Resolving type for handle ctdxfsb26atype
17:01:35.816 [main] TRACE org.apache.xmlbeans.impl.common.XBeanDebug - Resolving type for handle cttablestyles872ftype
17:01:35.820 [main] TRACE org.apache.xmlbeans.impl.common.XBeanDebug - Resolving type for handle sstf81fdoctype
17:01:35.826 [main] TRACE org.apache.xmlbeans.impl.common.XBeanDebug - Resolving type for handle ctsst44f3type
17:01:35.836 [main] TRACE org.apache.xmlbeans.impl.common.XBeanDebug - Resolving type for handle ctrsta472type
17:01:35.866 [main] DEBUG org.apache.poi.ooxml.POIXMLFactory - using default POIXMLDocumentPart for http://schemas.openxmlformats.org/officeDocument/2006/relationships/printerSettings
17:01:35.868 [main] TRACE org.apache.xmlbeans.impl.common.XBeanDebug - Resolving type for handle workbookec17doctype
17:01:35.874 [main] TRACE org.apache.xmlbeans.impl.common.XBeanDebug - Resolving type for handle ctworkbook83c3type
17:01:35.880 [main] TRACE org.apache.xmlbeans.impl.common.XBeanDebug - Resolving type for handle ctsheets49fdtype
17:01:35.883 [main] TRACE org.apache.xmlbeans.impl.common.XBeanDebug - Resolving type for handle ctsheet4dbetype
17:01:35.886 [main] TRACE org.apache.xmlbeans.impl.common.XBeanDebug - Resolving type for handle strelationshipid1e94type
17:01:35.888 [main] TRACE org.apache.xmlbeans.impl.common.XBeanDebug - Resolving type for handle worksheetf539doctype
17:01:35.896 [main] TRACE org.apache.xmlbeans.impl.common.XBeanDebug - Resolving type for handle ctworksheet530dtype
17:01:35.907 [main] TRACE org.apache.xmlbeans.impl.common.XBeanDebug - Resolving type for handle ctsheetdata8408type
17:01:35.909 [main] TRACE org.apache.xmlbeans.impl.common.XBeanDebug - Resolving type for handle ctrowdd39type
17:01:35.914 [main] TRACE org.apache.xmlbeans.impl.common.XBeanDebug - Resolving type for handle ctcell842btype
17:01:35.920 [main] TRACE org.apache.xmlbeans.impl.common.XBeanDebug - Resolving type for handle stcellrefe4e0type
17:01:35.927 [main] TRACE org.apache.xmlbeans.impl.common.XBeanDebug - Resolving type for handle ctcols627ctype
17:01:35.936 [main] TRACE org.apache.xmlbeans.impl.common.XBeanDebug - Resolving type for handle ctcola95ftype
17:01:35.956 [main] TRACE org.apache.xmlbeans.impl.common.XBeanDebug - Resolving type for handle cthyperlinks6416type
17:01:35.959 [main] TRACE org.apache.xmlbeans.impl.common.XBeanDebug - Resolving type for handle cthyperlink0c85type
17:01:35.971 [main] TRACE org.apache.xmlbeans.impl.common.XBeanDebug - Resolving type for handle stxstringf179type
17:01:35.994 [main] DEBUG org.apache.poi.openxml4j.opc.PackageRelationshipCollection - Parsing relationship: /xl/_rels/workbook.xml.rels
17:01:35.996 [main] DEBUG org.apache.poi.openxml4j.opc.PackageRelationshipCollection - Parsing relationship: /xl/worksheets/_rels/sheet1.xml.rels
17:01:35.997 [main] DEBUG org.apache.poi.openxml4j.opc.PackageRelationshipCollection - Parsing relationship: /_rels/.rels
17:01:36.037 [main] DEBUG org.apache.poi.ooxml.POIXMLFactory - using default POIXMLDocumentPart for http://schemas.openxmlformats.org/officeDocument/2006/relationships/printerSettings
17:01:36.065 [main] DEBUG org.apache.poi.openxml4j.opc.PackageRelationshipCollection - Parsing relationship: /xl/_rels/workbook.xml.rels
17:01:36.066 [main] DEBUG org.apache.poi.openxml4j.opc.PackageRelationshipCollection - Parsing relationship: /xl/worksheets/_rels/sheet1.xml.rels
17:01:36.068 [main] DEBUG org.apache.poi.openxml4j.opc.PackageRelationshipCollection - Parsing relationship: /_rels/.rels
17:01:36.093 [main] DEBUG org.apache.poi.ooxml.POIXMLFactory - using default POIXMLDocumentPart for http://schemas.openxmlformats.org/officeDocument/2006/relationships/printerSettings
17:01:36.106 [main] TRACE org.apache.xmlbeans.impl.common.XBeanDebug - Resolving type for handle stcelltypebf95type
17:01:36.119 [main] DEBUG org.apache.poi.openxml4j.opc.PackageRelationshipCollection - Parsing relationship: /xl/_rels/workbook.xml.rels
17:01:36.121 [main] DEBUG org.apache.poi.openxml4j.opc.PackageRelationshipCollection - Parsing relationship: /xl/worksheets/_rels/sheet1.xml.rels
17:01:36.123 [main] DEBUG org.apache.poi.openxml4j.opc.PackageRelationshipCollection - Parsing relationship: /_rels/.rels
17:01:36.136 [main] DEBUG org.apache.poi.ooxml.POIXMLFactory - using default POIXMLDocumentPart for http://schemas.openxmlformats.org/officeDocument/2006/relationships/printerSettings
17:01:36.160 [main] DEBUG org.apache.poi.openxml4j.opc.PackageRelationshipCollection - Parsing relationship: /xl/_rels/workbook.xml.rels
17:01:36.162 [main] DEBUG org.apache.poi.openxml4j.opc.PackageRelationshipCollection - Parsing relationship: /xl/worksheets/_rels/sheet1.xml.rels
17:01:36.163 [main] DEBUG org.apache.poi.openxml4j.opc.PackageRelationshipCollection - Parsing relationship: /_rels/.rels
17:01:36.175 [main] DEBUG org.apache.poi.ooxml.POIXMLFactory - using default POIXMLDocumentPart for http://schemas.openxmlformats.org/officeDocument/2006/relationships/printerSettings
17:01:36.191 [main] DEBUG org.apache.poi.openxml4j.opc.PackageRelationshipCollection - Parsing relationship: /xl/_rels/workbook.xml.rels
17:01:36.192 [main] DEBUG org.apache.poi.openxml4j.opc.PackageRelationshipCollection - Parsing relationship: /xl/worksheets/_rels/sheet1.xml.rels
17:01:36.192 [main] DEBUG org.apache.poi.openxml4j.opc.PackageRelationshipCollection - Parsing relationship: /_rels/.rels
17:01:36.204 [main] DEBUG org.apache.poi.ooxml.POIXMLFactory - using default POIXMLDocumentPart for http://schemas.openxmlformats.org/officeDocument/2006/relationships/printerSettings
17:01:36.220 [main] DEBUG org.apache.poi.openxml4j.opc.PackageRelationshipCollection - Parsing relationship: /xl/_rels/workbook.xml.rels
17:01:36.221 [main] DEBUG org.apache.poi.openxml4j.opc.PackageRelationshipCollection - Parsing relationship: /xl/worksheets/_rels/sheet1.xml.rels
17:01:36.223 [main] DEBUG org.apache.poi.openxml4j.opc.PackageRelationshipCollection - Parsing relationship: /_rels/.rels
17:01:36.233 [main] DEBUG org.apache.poi.ooxml.POIXMLFactory - using default POIXMLDocumentPart for http://schemas.openxmlformats.org/officeDocument/2006/relationships/printerSettings
17:01:36.250 [main] DEBUG org.apache.poi.openxml4j.opc.PackageRelationshipCollection - Parsing relationship: /xl/_rels/workbook.xml.rels
17:01:36.252 [main] DEBUG org.apache.poi.openxml4j.opc.PackageRelationshipCollection - Parsing relationship: /xl/worksheets/_rels/sheet1.xml.rels
17:01:36.253 [main] DEBUG org.apache.poi.openxml4j.opc.PackageRelationshipCollection - Parsing relationship: /_rels/.rels
17:01:36.266 [main] DEBUG org.apache.poi.ooxml.POIXMLFactory - using default POIXMLDocumentPart for http://schemas.openxmlformats.org/officeDocument/2006/relationships/printerSettings
17:01:36.280 [main] DEBUG org.apache.poi.openxml4j.opc.PackageRelationshipCollection - Parsing relationship: /xl/_rels/workbook.xml.rels
17:01:36.281 [main] DEBUG org.apache.poi.openxml4j.opc.PackageRelationshipCollection - Parsing relationship: /xl/worksheets/_rels/sheet1.xml.rels
17:01:36.283 [main] DEBUG org.apache.poi.openxml4j.opc.PackageRelationshipCollection - Parsing relationship: /_rels/.rels
17:01:36.293 [main] DEBUG org.apache.poi.ooxml.POIXMLFactory - using default POIXMLDocumentPart for http://schemas.openxmlformats.org/officeDocument/2006/relationships/printerSettings
17:01:36.308 [main] DEBUG org.apache.poi.openxml4j.opc.PackageRelationshipCollection - Parsing relationship: /xl/_rels/workbook.xml.rels
17:01:36.309 [main] DEBUG org.apache.poi.openxml4j.opc.PackageRelationshipCollection - Parsing relationship: /xl/worksheets/_rels/sheet1.xml.rels
17:01:36.310 [main] DEBUG org.apache.poi.openxml4j.opc.PackageRelationshipCollection - Parsing relationship: /_rels/.rels
17:01:36.321 [main] DEBUG org.apache.poi.ooxml.POIXMLFactory - using default POIXMLDocumentPart for http://schemas.openxmlformats.org/officeDocument/2006/relationships/printerSettings
17:01:36.336 [main] DEBUG org.apache.poi.openxml4j.opc.PackageRelationshipCollection - Parsing relationship: /xl/_rels/workbook.xml.rels
17:01:36.337 [main] DEBUG org.apache.poi.openxml4j.opc.PackageRelationshipCollection - Parsing relationship: /xl/worksheets/_rels/sheet1.xml.rels
17:01:36.337 [main] DEBUG org.apache.poi.openxml4j.opc.PackageRelationshipCollection - Parsing relationship: /_rels/.rels
17:01:36.348 [main] DEBUG org.apache.poi.ooxml.POIXMLFactory - using default POIXMLDocumentPart for http://schemas.openxmlformats.org/officeDocument/2006/relationships/printerSettings
17:01:36.362 [main] DEBUG org.apache.poi.openxml4j.opc.PackageRelationshipCollection - Parsing relationship: /xl/_rels/workbook.xml.rels
17:01:36.363 [main] DEBUG org.apache.poi.openxml4j.opc.PackageRelationshipCollection - Parsing relationship: /xl/worksheets/_rels/sheet1.xml.rels
17:01:36.364 [main] DEBUG org.apache.poi.openxml4j.opc.PackageRelationshipCollection - Parsing relationship: /_rels/.rels
17:01:36.376 [main] DEBUG org.apache.poi.ooxml.POIXMLFactory - using default POIXMLDocumentPart for http://schemas.openxmlformats.org/officeDocument/2006/relationships/printerSettings
17:01:36.390 [main] DEBUG org.apache.poi.openxml4j.opc.PackageRelationshipCollection - Parsing relationship: /xl/_rels/workbook.xml.rels
17:01:36.391 [main] DEBUG org.apache.poi.openxml4j.opc.PackageRelationshipCollection - Parsing relationship: /xl/worksheets/_rels/sheet1.xml.rels
17:01:36.392 [main] DEBUG org.apache.poi.openxml4j.opc.PackageRelationshipCollection - Parsing relationship: /_rels/.rels
17:01:36.403 [main] DEBUG org.apache.poi.ooxml.POIXMLFactory - using default POIXMLDocumentPart for http://schemas.openxmlformats.org/officeDocument/2006/relationships/printerSettings
17:01:36.417 [main] DEBUG org.apache.poi.openxml4j.opc.PackageRelationshipCollection - Parsing relationship: /xl/_rels/workbook.xml.rels
17:01:36.418 [main] DEBUG org.apache.poi.openxml4j.opc.PackageRelationshipCollection - Parsing relationship: /xl/worksheets/_rels/sheet1.xml.rels
17:01:36.419 [main] DEBUG org.apache.poi.openxml4j.opc.PackageRelationshipCollection - Parsing relationship: /_rels/.rels
17:01:36.430 [main] DEBUG org.apache.poi.ooxml.POIXMLFactory - using default POIXMLDocumentPart for http://schemas.openxmlformats.org/officeDocument/2006/relationships/printerSettings
17:01:36.449 [main] INFO  testCases.TC_003_LoginDDT -  Starting TC_003_LoginDDT 
17:01:37.166 [main] INFO  testCases.TC_003_LoginDDT - Home Page Displayed 
17:01:37.702 [main] INFO  testCases.TC_003_LoginDDT - Clicked on My Account 
17:01:38.298 [main] INFO  testCases.TC_003_LoginDDT - Clicked on Login 
17:01:38.491 [main] INFO  testCases.TC_003_LoginDDT - Provided Email 
17:01:38.610 [main] INFO  testCases.TC_003_LoginDDT - Provided Password 
17:01:39.128 [main] INFO  testCases.TC_003_LoginDDT - Clicked on Login
17:01:39.190 [main] INFO  testCases.TC_003_LoginDDT - Login Success 
17:01:39.590 [main] INFO  testCases.TC_003_LoginDDT -  Finished TC_003_LoginDDT 
17:01:39.617 [main] INFO  testCases.TC_003_LoginDDT -  Starting TC_003_LoginDDT 
17:01:39.972 [main] INFO  testCases.TC_003_LoginDDT - Home Page Displayed 
17:01:40.048 [main] INFO  testCases.TC_003_LoginDDT - Clicked on My Account 
17:01:40.432 [main] INFO  testCases.TC_003_LoginDDT - Clicked on Login 
17:01:40.556 [main] INFO  testCases.TC_003_LoginDDT - Provided Email 
17:01:40.641 [main] INFO  testCases.TC_003_LoginDDT - Provided Password 
17:01:40.980 [main] INFO  testCases.TC_003_LoginDDT - Clicked on Login
17:01:51.045 [main] ERROR testCases.TC_003_LoginDDT - Login Failed 
17:01:51.045 [main] INFO  testCases.TC_003_LoginDDT -  Finished TC_003_LoginDDT 
17:01:51.046 [main] INFO  testCases.TC_003_LoginDDT -  Starting TC_003_LoginDDT 
17:01:51.397 [main] INFO  testCases.TC_003_LoginDDT - Home Page Displayed 
17:01:51.466 [main] INFO  testCases.TC_003_LoginDDT - Clicked on My Account 
17:01:51.832 [main] INFO  testCases.TC_003_LoginDDT - Clicked on Login 
17:01:51.934 [main] INFO  testCases.TC_003_LoginDDT - Provided Email 
17:01:52.020 [main] INFO  testCases.TC_003_LoginDDT - Provided Password 
17:01:52.398 [main] INFO  testCases.TC_003_LoginDDT - Clicked on Login
17:02:02.467 [main] ERROR testCases.TC_003_LoginDDT - Login Failed 
17:02:02.467 [main] INFO  testCases.TC_003_LoginDDT -  Finished TC_003_LoginDDT 
17:02:02.473 [main] INFO  testCases.TC_003_LoginDDT -  Starting TC_003_LoginDDT 
17:02:03.263 [main] INFO  testCases.TC_003_LoginDDT - Home Page Displayed 
17:02:03.427 [main] FATAL testCases.TC_003_LoginDDT - Login Failed 
17:02:03.460 [AsyncHttpClient-1-4] TRACE io.netty.handler.codec.http.websocketx.WebSocket08FrameEncoder - Encoding WebSocket Frame opCode=8 length=26
